<?xml version="1.0" encoding="UTF-8"?>
<!-- Generated by org.testng.reporters.JUnitReportReporter -->
<testsuite skipped="0" hostname="DESKTOP-39IV0VE" name="com.orangehrm.constants.BrowserInvoke" tests="1" failures="0" timestamp="18 Dec 2021 19:10:17 GMT" time="25.375" errors="0">
  <testcase name="browserInvoke" time="25.375" classname="com.orangehrm.constants.BrowserInvoke"/>
</testsuite> <!-- com.orangehrm.constants.BrowserInvoke -->
