<?xml version="1.0" encoding="UTF-8"?>
<!-- Generated by org.testng.reporters.JUnitReportReporter -->
<testsuite skipped="0" hostname="DESKTOP-39IV0VE" name="com.orangehrm.pages.Home_Page" tests="2" failures="0" timestamp="18 Dec 2021 19:57:36 GMT" time="25.417" errors="0">
  <testcase name="login" time="0.091" classname="com.orangehrm.pages.Home_Page"/>
  <testcase name="browserInvoke" time="25.326" classname="com.orangehrm.pages.Home_Page"/>
</testsuite> <!-- com.orangehrm.pages.Home_Page -->
