<?xml version="1.0" encoding="UTF-8"?>
<!-- Generated by org.testng.reporters.JUnitReportReporter -->
<testsuite skipped="0" hostname="DESKTOP-39IV0VE" name="com.orangehrm.checking.Addition" tests="1" failures="0" timestamp="19 Dec 2021 14:28:26 GMT" time="0.001" errors="0">
  <testcase name="demo" time="0.001" classname="com.orangehrm.checking.Addition"/>
</testsuite> <!-- com.orangehrm.checking.Addition -->
