<?xml version="1.0" encoding="UTF-8"?>
<!-- Generated by org.testng.reporters.JUnitReportReporter -->
<testsuite skipped="0" hostname="DESKTOP-39IV0VE" name="com.orangehrm.tests.Admin_login" tests="1" failures="0" timestamp="19 Dec 2021 14:28:26 GMT" time="3.393" errors="0">
  <testcase name="adminlogin" time="3.393" classname="com.orangehrm.tests.Admin_login"/>
</testsuite> <!-- com.orangehrm.tests.Admin_login -->
